2018-02-20 10:16:21,379 INFO  [org.alfresco.web.config.packaging.ModulePackageManager] [localhost-startStop-1] Found 2 module package(s)
2018-02-20 10:16:21,380 INFO  [org.alfresco.web.config.packaging.ModulePackageManager] [localhost-startStop-1] Alfresco PDF Toolkit Share Extensions, 1.0.0.57, Alfresco PDF Toolkit Share Extensions
Alfresco PDF Toolkit Share Extensions, 1.0.0.57, Alfresco PDF Toolkit Share Extensions

2018-02-20 10:16:22,094 INFO  [org.springframework.extensions.webscripts.TemplateProcessorRegistry] [localhost-startStop-1] Registered template processor freemarker for extension ftl
2018-02-20 10:16:22,099 INFO  [org.springframework.extensions.webscripts.ScriptProcessorRegistry] [localhost-startStop-1] Registered script processor javascript for extension js
2018-02-20 10:16:22,100 INFO  [org.springframework.extensions.webscripts.TemplateProcessorRegistry] [localhost-startStop-1] Registered template processor freemarker for extension ftl
2018-02-20 10:16:22,102 INFO  [org.springframework.extensions.webscripts.ScriptProcessorRegistry] [localhost-startStop-1] Registered script processor javascript for extension js
2018-02-20 10:16:25,821 INFO  [org.springframework.extensions.webscripts.DeclarativeRegistry] [localhost-startStop-1] Registered 382 Web Scripts (+0 failed), 400 URLs
2018-02-20 10:16:25,821 INFO  [org.springframework.extensions.webscripts.DeclarativeRegistry] [localhost-startStop-1] Registered 8 Package Description Documents (+0 failed) 
2018-02-20 10:16:25,821 INFO  [org.springframework.extensions.webscripts.DeclarativeRegistry] [localhost-startStop-1] Registered 0 Schema Description Documents (+0 failed) 
2018-02-20 10:16:26,001 INFO  [org.springframework.extensions.webscripts.AbstractRuntimeContainer] [localhost-startStop-1] Initialised Spring Surf Container Web Script Container (in 3826.3313ms)
2018-02-20 10:16:26,011 INFO  [org.springframework.extensions.webscripts.TemplateProcessorRegistry] [localhost-startStop-1] Registered template processor freemarker for extension ftl
2018-02-20 10:16:26,025 INFO  [org.springframework.extensions.webscripts.ScriptProcessorRegistry] [localhost-startStop-1] Registered script processor javascript for extension js
2018-02-20 10:16:26,215 WARN  [org.apache.myfaces.shared_impl.util.LocaleUtils] [localhost-startStop-1] Locale name in faces-config.xml null or empty, setting locale to default locale : en_US
2018-02-20 10:17:21,377 INFO  [org.alfresco.web.site.EditionInterceptor] [http-bio-8081-exec-1] Successfully retrieved license information from Alfresco.
2018-02-20 10:17:32,311 ERROR [org.alfresco.web.site] [http-bio-8081-exec-10] org.springframework.web.util.NestedServletException: Request processing failed; nested exception is org.springframework.extensions.surf.exception.PlatformRuntimeException: 01200000 Failed to init Request Context: Unable to initialise user during Request Context init. Probably a stale user Session.
org.springframework.extensions.surf.exception.PlatformRuntimeException: 01200000 Failed to init Request Context: Unable to initialise user during Request Context init. Probably a stale user Session.
	at org.alfresco.web.site.SlingshotPageViewResolver.lookupPage(SlingshotPageViewResolver.java:63)
	at org.springframework.extensions.surf.mvc.PageViewResolver.canHandle(PageViewResolver.java:143)
	at org.springframework.web.servlet.view.UrlBasedViewResolver.createView(UrlBasedViewResolver.java:395)
	at org.springframework.extensions.webscripts.servlet.mvc.AbstractWebScriptViewResolver.resolveViewName(AbstractWebScriptViewResolver.java:64)
	at org.springframework.web.servlet.DispatcherServlet.resolveViewName(DispatcherServlet.java:1255)
	at org.springframework.web.servlet.DispatcherServlet.render(DispatcherServlet.java:1196)
	at org.springframework.web.servlet.DispatcherServlet.processDispatchResult(DispatcherServlet.java:1001)
	at org.springframework.web.servlet.DispatcherServlet.doDispatch(DispatcherServlet.java:945)
	at org.springframework.web.servlet.DispatcherServlet.doService(DispatcherServlet.java:867)
	at org.springframework.web.servlet.FrameworkServlet.processRequest(FrameworkServlet.java:953)
	at org.springframework.web.servlet.FrameworkServlet.doGet(FrameworkServlet.java:844)
	at javax.servlet.http.HttpServlet.service(HttpServlet.java:621)
	at org.springframework.web.servlet.FrameworkServlet.service(FrameworkServlet.java:829)
	at javax.servlet.http.HttpServlet.service(HttpServlet.java:728)
	at org.apache.catalina.core.ApplicationFilterChain.internalDoFilter(ApplicationFilterChain.java:305)
	at org.apache.catalina.core.ApplicationFilterChain.doFilter(ApplicationFilterChain.java:210)
	at org.apache.tomcat.websocket.server.WsFilter.doFilter(WsFilter.java:51)
	at org.apache.catalina.core.ApplicationFilterChain.internalDoFilter(ApplicationFilterChain.java:243)
	at org.apache.catalina.core.ApplicationFilterChain.doFilter(ApplicationFilterChain.java:210)
	at org.alfresco.web.site.servlet.SecurityHeadersFilter.doFilter(SecurityHeadersFilter.java:182)
	at org.apache.catalina.core.ApplicationFilterChain.internalDoFilter(ApplicationFilterChain.java:243)
	at org.apache.catalina.core.ApplicationFilterChain.doFilter(ApplicationFilterChain.java:210)
	at org.alfresco.web.site.servlet.CSRFFilter.doFilter(CSRFFilter.java:315)
	at org.apache.catalina.core.ApplicationFilterChain.internalDoFilter(ApplicationFilterChain.java:243)
	at org.apache.catalina.core.ApplicationFilterChain.doFilter(ApplicationFilterChain.java:210)
	at org.alfresco.web.site.servlet.SSOAuthenticationFilter.doFilter(SSOAuthenticationFilter.java:447)
	at org.apache.catalina.core.ApplicationFilterChain.internalDoFilter(ApplicationFilterChain.java:243)
	at org.apache.catalina.core.ApplicationFilterChain.doFilter(ApplicationFilterChain.java:210)
	at org.alfresco.web.site.servlet.MTAuthenticationFilter.doFilter(MTAuthenticationFilter.java:74)
	at org.apache.catalina.core.ApplicationFilterChain.internalDoFilter(ApplicationFilterChain.java:243)
	at org.apache.catalina.core.ApplicationFilterChain.doFilter(ApplicationFilterChain.java:210)
	at org.apache.catalina.core.StandardWrapperValve.invoke(StandardWrapperValve.java:222)
	at org.apache.catalina.core.StandardContextValve.invoke(StandardContextValve.java:123)
	at org.apache.catalina.authenticator.AuthenticatorBase.invoke(AuthenticatorBase.java:502)
	at org.apache.catalina.core.StandardHostValve.invoke(StandardHostValve.java:171)
	at org.apache.catalina.valves.ErrorReportValve.invoke(ErrorReportValve.java:100)
	at org.apache.catalina.valves.AccessLogValve.invoke(AccessLogValve.java:953)
	at org.apache.catalina.core.StandardEngineValve.invoke(StandardEngineValve.java:118)
	at org.apache.catalina.connector.CoyoteAdapter.service(CoyoteAdapter.java:408)
	at org.apache.coyote.http11.AbstractHttp11Processor.process(AbstractHttp11Processor.java:1041)
	at org.apache.coyote.AbstractProtocol$AbstractConnectionHandler.process(AbstractProtocol.java:603)
	at org.apache.tomcat.util.net.JIoEndpoint$SocketProcessor.run(JIoEndpoint.java:312)
	at java.util.concurrent.ThreadPoolExecutor.runWorker(ThreadPoolExecutor.java:1142)
	at java.util.concurrent.ThreadPoolExecutor$Worker.run(ThreadPoolExecutor.java:617)
	at java.lang.Thread.run(Thread.java:748)
Caused by: org.springframework.extensions.surf.exception.RequestContextException: Unable to initialise user during Request Context init. Probably a stale user Session.
	at org.springframework.extensions.surf.RequestContextUtil.initRequestContext(RequestContextUtil.java:117)
	at org.springframework.extensions.surf.RequestContextUtil.initRequestContext(RequestContextUtil.java:60)
	at org.alfresco.web.site.SlingshotPageViewResolver.lookupPage(SlingshotPageViewResolver.java:59)
	... 44 more
Caused by: org.springframework.extensions.surf.exception.UserFactoryException: Unable to retrieve user from repository
	at org.springframework.extensions.surf.support.AlfrescoUserFactory.loadUser(AlfrescoUserFactory.java:194)
	at org.alfresco.web.site.SlingshotUserFactory.loadUser(SlingshotUserFactory.java:135)
	at org.springframework.extensions.surf.support.AbstractUserFactory.initialiseUser(AbstractUserFactory.java:182)
	at org.springframework.extensions.surf.support.AbstractUserFactory.initialiseUser(AbstractUserFactory.java:100)
	at org.springframework.extensions.surf.RequestContextUtil.initialiseUser(RequestContextUtil.java:259)
	at org.springframework.extensions.surf.RequestContextUtil.initRequestContext(RequestContextUtil.java:113)
	... 46 more
Caused by: org.springframework.extensions.surf.exception.UserFactoryException: Unable to create user - failed to retrieve user metadata: 
	at org.springframework.extensions.surf.support.AlfrescoUserFactory.loadUser(AlfrescoUserFactory.java:183)
	... 51 more
